>>> scanned:  <<<


================================================================================================
================= Alert: Please request FPs to revise the following items =====================
================================================================================================
PASS: script syntax scanning okay
PASS: e-form variable scanning okay
PASS: alter scripts scanning okay
PASS: manual local moe script scanning okay
PASS: loe or local moe script source type scanning okay
PASS: manual script syntax scanning okay
PASS: drop table script scanning okay
PASS: all env scripts scanned okay

================================================================================================
================= Warning: Please remind FPs to update the following items =====================
================================================================================================
PASS: script header information scanning okay
PASS: script header script name scanning okay
PASS: no CORP7 menu function list included
PASS: all filenames are unique
PASS: no while space found in filenames
PASS: no chinese character found
