Jira Number: 112
PPM Number: 89
Function Involved: 45
Ear Deployment: 44
Backend Deployment: 
Bi-Weekly Request: 41
Urgent Request: 23
Service Request: 25
PPM Revision Count: 
PPM Test Failure/Withdrawn: 4
AAT Test Failure: 1
PPS Test Failure: 0
PRD Test Failure: 0
Pilot Cluster: HKEC
Pilot Promotion Date: 2021-02-02 00:00:00
==================================================================================================================
Fallback PPM Promotion(       Serial no. Change Request # Target\nDate  Ready for Promotion Attachment  ... Unnamed: 58 Unnamed: 59 Unnamed: 60 Unnamed: 61 Unnamed: 62
45  PPM2021_01040           CDB-51          NaN  2021-01-27 00:00:00  Withdrawn  ...         NaN         NaN         NaN         NaN         NaT
46  PPM2021_01041           CDB-53          NaN  2021-01-27 00:00:00  Withdrawn  ...         NaN         NaN         NaN         NaN         NaT

[2 rows x 63 columns], Empty DataFrame
Columns: [Serial no., Change Request #, Target
Date, Ready for Promotion, Attachment, EAP Attachment/
EAP included? (Y/N), Description, Version, Urgency, Classification, Weblogic Cluster, EAR file, Datasource, Team, Requested by, Remarks, EAP (PROD), VH3, CORP, HKEC, Unnamed: 20, Unnamed: 21, Unnamed: 22, Unnamed: 23, Unnamed: 24, HKWC, Unnamed: 26, Unnamed: 27, Unnamed: 28, Unnamed: 29, Unnamed: 30, Unnamed: 31, Unnamed: 32, KCC, Unnamed: 34, Unnamed: 35, Unnamed: 36, Unnamed: 37, Unnamed: 38, Unnamed: 39, Unnamed: 40, KEC, Unnamed: 42, Unnamed: 43, KWC, Unnamed: 45, Unnamed: 46, Unnamed: 47, Unnamed: 48, NTEC, Unnamed: 50, Unnamed: 51, Unnamed: 52, Unnamed: 53, Unnamed: 54, Unnamed: 55, NTWC, Unnamed: 57, Unnamed: 58, Unnamed: 59, Unnamed: 60, Unnamed: 61]
Index: [],        Serial no. Change Request #         Target\nDate  Ready for Promotion Attachment  ... Unnamed: 57 Unnamed: 58 Unnamed: 59 Unnamed: 60 Unnamed: 61
24  PPM2021_S0024     ITOCMS-13144  on 2-Feb-2021 18:30  2021-01-29 00:00:00        NaN  ...         NaN         NaN         NaN         NaN         NaN
25  PPM2021_S0025     ITOCMS-13143  on 2-Feb-2021 18:30  2021-01-29 00:00:00        NaN  ...         NaN         NaN         NaN         NaN         NaN

[2 rows x 62 columns])
==================================================================================================================
Fallback AAT Promotion(       Serial no. Change Request # Target\nDate  Ready for Promotion Attachment  ... Unnamed: 58 Unnamed: 59 Unnamed: 60 Unnamed: 61 Unnamed: 62
31  PPM2021_01027           ICBN-5          NaN  2021-01-27 00:00:00  Withdrawn  ...         NaN         NaN         NaN         NaN         NaT

[1 rows x 63 columns], Empty DataFrame
Columns: [Serial no., Change Request #, Target
Date, Ready for Promotion, Attachment, EAP Attachment/
EAP included? (Y/N), Description, Version, Urgency, Classification, Weblogic Cluster, EAR file, Datasource, Team, Requested by, Remarks, EAP (PROD), VH3, CORP, HKEC, Unnamed: 20, Unnamed: 21, Unnamed: 22, Unnamed: 23, Unnamed: 24, HKWC, Unnamed: 26, Unnamed: 27, Unnamed: 28, Unnamed: 29, Unnamed: 30, Unnamed: 31, Unnamed: 32, KCC, Unnamed: 34, Unnamed: 35, Unnamed: 36, Unnamed: 37, Unnamed: 38, Unnamed: 39, Unnamed: 40, KEC, Unnamed: 42, Unnamed: 43, KWC, Unnamed: 45, Unnamed: 46, Unnamed: 47, Unnamed: 48, NTEC, Unnamed: 50, Unnamed: 51, Unnamed: 52, Unnamed: 53, Unnamed: 54, Unnamed: 55, NTWC, Unnamed: 57, Unnamed: 58, Unnamed: 59, Unnamed: 60, Unnamed: 61]
Index: [], Empty DataFrame
Columns: [Serial no., Change Request #, Target
Date, Ready for Promotion, Attachment, EAP Attachment/
EAP included? (Y/N), Description, Version, Urgency, Classification, Weblogic Cluster, EAR file, Datasource, Team, Requested by, Remarks, EAP (PROD), VH3, CORP, HKEC, Unnamed: 20, Unnamed: 21, Unnamed: 22, Unnamed: 23, Unnamed: 24, HKWC, Unnamed: 26, Unnamed: 27, Unnamed: 28, Unnamed: 29, Unnamed: 30, Unnamed: 31, Unnamed: 32, KCC, Unnamed: 34, Unnamed: 35, Unnamed: 36, Unnamed: 37, Unnamed: 38, Unnamed: 39, Unnamed: 40, KEC, Unnamed: 42, Unnamed: 43, KWC, Unnamed: 45, Unnamed: 46, Unnamed: 47, Unnamed: 48, NTEC, Unnamed: 50, Unnamed: 51, Unnamed: 52, Unnamed: 53, Unnamed: 54, Unnamed: 55, NTWC, Unnamed: 57, Unnamed: 58, Unnamed: 59, Unnamed: 60, Unnamed: 61]
Index: [])
==================================================================================================================
Fallback PPS Promotion(Empty DataFrame
Columns: [Serial no., Change Request #, Target
Date, Ready for Promotion, Attachment, EAP Attachment/
EAP included? (Y/N), Description, Version, Urgency, Classification, Weblogic Cluster, EAR file, Datasource, Team, Requested by, Remarks, EAP (PROD), VH3, CORP, HKEC, Unnamed: 20, Unnamed: 21, Unnamed: 22, Unnamed: 23, Unnamed: 24, HKWC, Unnamed: 26, Unnamed: 27, Unnamed: 28, Unnamed: 29, Unnamed: 30, Unnamed: 31, Unnamed: 32, KCC, Unnamed: 34, Unnamed: 35, Unnamed: 36, Unnamed: 37, Unnamed: 38, Unnamed: 39, Unnamed: 40, KEC, Unnamed: 42, Unnamed: 43, KWC, Unnamed: 45, Unnamed: 46, Unnamed: 47, Unnamed: 48, NTEC, Unnamed: 50, Unnamed: 51, Unnamed: 52, Unnamed: 53, Unnamed: 54, Unnamed: 55, NTWC, Unnamed: 57, Unnamed: 58, Unnamed: 59, Unnamed: 60, Unnamed: 61, Unnamed: 62]
Index: [], Empty DataFrame
Columns: [Serial no., Change Request #, Target
Date, Ready for Promotion, Attachment, EAP Attachment/
EAP included? (Y/N), Description, Version, Urgency, Classification, Weblogic Cluster, EAR file, Datasource, Team, Requested by, Remarks, EAP (PROD), VH3, CORP, HKEC, Unnamed: 20, Unnamed: 21, Unnamed: 22, Unnamed: 23, Unnamed: 24, HKWC, Unnamed: 26, Unnamed: 27, Unnamed: 28, Unnamed: 29, Unnamed: 30, Unnamed: 31, Unnamed: 32, KCC, Unnamed: 34, Unnamed: 35, Unnamed: 36, Unnamed: 37, Unnamed: 38, Unnamed: 39, Unnamed: 40, KEC, Unnamed: 42, Unnamed: 43, KWC, Unnamed: 45, Unnamed: 46, Unnamed: 47, Unnamed: 48, NTEC, Unnamed: 50, Unnamed: 51, Unnamed: 52, Unnamed: 53, Unnamed: 54, Unnamed: 55, NTWC, Unnamed: 57, Unnamed: 58, Unnamed: 59, Unnamed: 60, Unnamed: 61]
Index: [], Empty DataFrame
Columns: [Serial no., Change Request #, Target
Date, Ready for Promotion, Attachment, EAP Attachment/
EAP included? (Y/N), Description, Version, Urgency, Classification, Weblogic Cluster, EAR file, Datasource, Team, Requested by, Remarks, EAP (PROD), VH3, CORP, HKEC, Unnamed: 20, Unnamed: 21, Unnamed: 22, Unnamed: 23, Unnamed: 24, HKWC, Unnamed: 26, Unnamed: 27, Unnamed: 28, Unnamed: 29, Unnamed: 30, Unnamed: 31, Unnamed: 32, KCC, Unnamed: 34, Unnamed: 35, Unnamed: 36, Unnamed: 37, Unnamed: 38, Unnamed: 39, Unnamed: 40, KEC, Unnamed: 42, Unnamed: 43, KWC, Unnamed: 45, Unnamed: 46, Unnamed: 47, Unnamed: 48, NTEC, Unnamed: 50, Unnamed: 51, Unnamed: 52, Unnamed: 53, Unnamed: 54, Unnamed: 55, NTWC, Unnamed: 57, Unnamed: 58, Unnamed: 59, Unnamed: 60, Unnamed: 61]
Index: [])
==================================================================================================================
Fallback PRD Promotion(Empty DataFrame
Columns: [Serial no., Change Request #, Target
Date, Ready for Promotion, Attachment, EAP Attachment/
EAP included? (Y/N), Description, Version, Urgency, Classification, Weblogic Cluster, EAR file, Datasource, Team, Requested by, Remarks, EAP (PROD), VH3, CORP, HKEC, Unnamed: 20, Unnamed: 21, Unnamed: 22, Unnamed: 23, Unnamed: 24, HKWC, Unnamed: 26, Unnamed: 27, Unnamed: 28, Unnamed: 29, Unnamed: 30, Unnamed: 31, Unnamed: 32, KCC, Unnamed: 34, Unnamed: 35, Unnamed: 36, Unnamed: 37, Unnamed: 38, Unnamed: 39, Unnamed: 40, KEC, Unnamed: 42, Unnamed: 43, KWC, Unnamed: 45, Unnamed: 46, Unnamed: 47, Unnamed: 48, NTEC, Unnamed: 50, Unnamed: 51, Unnamed: 52, Unnamed: 53, Unnamed: 54, Unnamed: 55, NTWC, Unnamed: 57, Unnamed: 58, Unnamed: 59, Unnamed: 60, Unnamed: 61, Unnamed: 62]
Index: [], Empty DataFrame
Columns: [Serial no., Change Request #, Target
Date, Ready for Promotion, Attachment, EAP Attachment/
EAP included? (Y/N), Description, Version, Urgency, Classification, Weblogic Cluster, EAR file, Datasource, Team, Requested by, Remarks, EAP (PROD), VH3, CORP, HKEC, Unnamed: 20, Unnamed: 21, Unnamed: 22, Unnamed: 23, Unnamed: 24, HKWC, Unnamed: 26, Unnamed: 27, Unnamed: 28, Unnamed: 29, Unnamed: 30, Unnamed: 31, Unnamed: 32, KCC, Unnamed: 34, Unnamed: 35, Unnamed: 36, Unnamed: 37, Unnamed: 38, Unnamed: 39, Unnamed: 40, KEC, Unnamed: 42, Unnamed: 43, KWC, Unnamed: 45, Unnamed: 46, Unnamed: 47, Unnamed: 48, NTEC, Unnamed: 50, Unnamed: 51, Unnamed: 52, Unnamed: 53, Unnamed: 54, Unnamed: 55, NTWC, Unnamed: 57, Unnamed: 58, Unnamed: 59, Unnamed: 60, Unnamed: 61]
Index: [], Empty DataFrame
Columns: [Serial no., Change Request #, Target
Date, Ready for Promotion, Attachment, EAP Attachment/
EAP included? (Y/N), Description, Version, Urgency, Classification, Weblogic Cluster, EAR file, Datasource, Team, Requested by, Remarks, EAP (PROD), VH3, CORP, HKEC, Unnamed: 20, Unnamed: 21, Unnamed: 22, Unnamed: 23, Unnamed: 24, HKWC, Unnamed: 26, Unnamed: 27, Unnamed: 28, Unnamed: 29, Unnamed: 30, Unnamed: 31, Unnamed: 32, KCC, Unnamed: 34, Unnamed: 35, Unnamed: 36, Unnamed: 37, Unnamed: 38, Unnamed: 39, Unnamed: 40, KEC, Unnamed: 42, Unnamed: 43, KWC, Unnamed: 45, Unnamed: 46, Unnamed: 47, Unnamed: 48, NTEC, Unnamed: 50, Unnamed: 51, Unnamed: 52, Unnamed: 53, Unnamed: 54, Unnamed: 55, NTWC, Unnamed: 57, Unnamed: 58, Unnamed: 59, Unnamed: 60, Unnamed: 61]
Index: [])