Jira Number: 189
PPM Number: 144
Function Involved: 69
Ear Deployment: 60
Backend Deployment: 
Bi-Weekly Request: 52
Urgent Request: 42
Service Request: 50
PPM Revision Count: 
PPM Test Failure/Withdrawn: 17
AAT Test Failure: 11
PPS Test Failure: 0
PRD Test Failure: 0
Pilot Cluster: KCC
Pilot Promotion Date: 2021-03-09 00:00:00
==================================================================================================================
Fallback PPM Promotion(        Serial no.        Change Request # Target\nDate  Ready for Promotion  ... Unnamed: 59 Unnamed: 60 Unnamed: 61 Unnamed: 62
84   PPM2021_03016               NURSUM-38          NaN  2021-03-02 00:00:00  ...         NaN         NaN         NaN         NaT
87   PPM2021_03019          PAF-64, PAF-66  16-Mar-2021  2021-03-02 00:00:00  ...         NaN         NaN         NaN         NaT
100  PPM2021_03029                  PAF-73          NaN  2021-03-02 00:00:00  ...         NaN         NaN         NaN         NaT
101  PPM2021_04001              RPTSCRN-48          NaN  2021-03-02 00:00:00  ...         NaN         NaN         NaN         NaT
111  PPM2021_04009                  PSP-50          NaN  2021-03-22 00:00:00  ...         NaN         NaN         NaN         NaT
115  PPM2021_04013                   BCC-7          NaN  2021-03-22 00:00:00  ...         NaN         NaN         NaN         NaT
116  PPM2021_04014                  BCC-10          NaN  2021-03-22 00:00:00  ...         NaN         NaN         NaN         NaT
117  PPM2021_04015  PSP-34, PSP-37, PSP-38          NaN  2021-03-22 00:00:00  ...         NaN         NaN         NaN         NaT
119  PPM2021_04017                MCAF-275          NaN  2021-03-22 00:00:00  ...         NaN         NaN         NaN         NaT
121  PPM2021_04018  CART-2, CART-3, CART-4          NaN  2021-03-22 00:00:00  ...         NaN         NaN         NaN         NaT
125  PPM2021_04022               PSYCIS-21          NaN  2021-03-22 00:00:00  ...         NaN         NaN         NaN         NaT

[11 rows x 63 columns], Empty DataFrame
Columns: [Serial no., Change Request #, Target
Date, Ready for Promotion, Attachment, EAP Attachment/
EAP included? (Y/N), Description, Version, Urgency, Classification, Weblogic Cluster, EAR file, Datasource, Team, Requested by, Remarks, EAP (PROD), VH3, CORP, HKEC, Unnamed: 20, Unnamed: 21, Unnamed: 22, Unnamed: 23, Unnamed: 24, HKWC, Unnamed: 26, Unnamed: 27, Unnamed: 28, Unnamed: 29, Unnamed: 30, Unnamed: 31, Unnamed: 32, KCC, Unnamed: 34, Unnamed: 35, Unnamed: 36, Unnamed: 37, Unnamed: 38, Unnamed: 39, Unnamed: 40, KEC, Unnamed: 42, Unnamed: 43, KWC, Unnamed: 45, Unnamed: 46, Unnamed: 47, Unnamed: 48, NTEC, Unnamed: 50, Unnamed: 51, Unnamed: 52, Unnamed: 53, Unnamed: 54, Unnamed: 55, NTWC, Unnamed: 57, Unnamed: 58, Unnamed: 59, Unnamed: 60, Unnamed: 61]
Index: [],         Serial no. Change Request # Target\nDate  Ready for Promotion Attachment  ... Unnamed: 57 Unnamed: 58 Unnamed: 59 Unnamed: 60 Unnamed: 61
101  PPM2021_S0101        IPMOE-214          NaN  2021-03-29 00:00:00        NaN  ...         NaN         NaN         NaN         NaN         NaN

[1 rows x 62 columns])
==================================================================================================================
Fallback AAT Promotion(        Serial no.      Change Request # Target\nDate  Ready for Promotion  ... Unnamed: 59 Unnamed: 60 Unnamed: 61 Unnamed: 62
84   PPM2021_03016             NURSUM-38          NaN  2021-03-02 00:00:00  ...         NaN         NaN         NaN         NaT
85   PPM2021_03017  PSYPAF-38, PSYPAF-36  16-Mar-2021  2021-03-02 00:00:00  ...         NaN         NaN         NaN         NaT
86   PPM2021_03018                PAF-65  16-Mar-2021  2021-03-02 00:00:00  ...         NaN         NaN         NaN         NaT
87   PPM2021_03019        PAF-64, PAF-66  16-Mar-2021  2021-03-02 00:00:00  ...         NaN         NaN         NaN         NaT
90   PPM2021_03021              CBNS-498  16-Mar-2021  2021-03-02 00:00:00  ...         NaN         NaN         NaN         NaT
95   PPM2021_03026              AHDOC-74  13-Mar-2021  2021-03-02 00:00:00  ...         NaN         NaN         NaN         NaT
100  PPM2021_03029                PAF-73          NaN  2021-03-02 00:00:00  ...         NaN         NaN         NaN         NaT
115  PPM2021_04013                 BCC-7          NaN  2021-03-22 00:00:00  ...         NaN         NaN         NaN         NaT
116  PPM2021_04014                BCC-10          NaN  2021-03-22 00:00:00  ...         NaN         NaN         NaN         NaT

[9 rows x 63 columns], Empty DataFrame
Columns: [Serial no., Change Request #, Target
Date, Ready for Promotion, Attachment, EAP Attachment/
EAP included? (Y/N), Description, Version, Urgency, Classification, Weblogic Cluster, EAR file, Datasource, Team, Requested by, Remarks, EAP (PROD), VH3, CORP, HKEC, Unnamed: 20, Unnamed: 21, Unnamed: 22, Unnamed: 23, Unnamed: 24, HKWC, Unnamed: 26, Unnamed: 27, Unnamed: 28, Unnamed: 29, Unnamed: 30, Unnamed: 31, Unnamed: 32, KCC, Unnamed: 34, Unnamed: 35, Unnamed: 36, Unnamed: 37, Unnamed: 38, Unnamed: 39, Unnamed: 40, KEC, Unnamed: 42, Unnamed: 43, KWC, Unnamed: 45, Unnamed: 46, Unnamed: 47, Unnamed: 48, NTEC, Unnamed: 50, Unnamed: 51, Unnamed: 52, Unnamed: 53, Unnamed: 54, Unnamed: 55, NTWC, Unnamed: 57, Unnamed: 58, Unnamed: 59, Unnamed: 60, Unnamed: 61]
Index: [], Empty DataFrame
Columns: [Serial no., Change Request #, Target
Date, Ready for Promotion, Attachment, EAP Attachment/
EAP included? (Y/N), Description, Version, Urgency, Classification, Weblogic Cluster, EAR file, Datasource, Team, Requested by, Remarks, EAP (PROD), VH3, CORP, HKEC, Unnamed: 20, Unnamed: 21, Unnamed: 22, Unnamed: 23, Unnamed: 24, HKWC, Unnamed: 26, Unnamed: 27, Unnamed: 28, Unnamed: 29, Unnamed: 30, Unnamed: 31, Unnamed: 32, KCC, Unnamed: 34, Unnamed: 35, Unnamed: 36, Unnamed: 37, Unnamed: 38, Unnamed: 39, Unnamed: 40, KEC, Unnamed: 42, Unnamed: 43, KWC, Unnamed: 45, Unnamed: 46, Unnamed: 47, Unnamed: 48, NTEC, Unnamed: 50, Unnamed: 51, Unnamed: 52, Unnamed: 53, Unnamed: 54, Unnamed: 55, NTWC, Unnamed: 57, Unnamed: 58, Unnamed: 59, Unnamed: 60, Unnamed: 61]
Index: [])
==================================================================================================================
Fallback PPS Promotion(Empty DataFrame
Columns: [Serial no., Change Request #, Target
Date, Ready for Promotion, Attachment, EAP Attachment/
EAP included? (Y/N), Description, Version, Urgency, Classification, Weblogic Cluster, EAR file, Datasource, Team, Requested by, Remarks, EAP (PROD), VH3, CORP, HKEC, Unnamed: 20, Unnamed: 21, Unnamed: 22, Unnamed: 23, Unnamed: 24, HKWC, Unnamed: 26, Unnamed: 27, Unnamed: 28, Unnamed: 29, Unnamed: 30, Unnamed: 31, Unnamed: 32, KCC, Unnamed: 34, Unnamed: 35, Unnamed: 36, Unnamed: 37, Unnamed: 38, Unnamed: 39, Unnamed: 40, KEC, Unnamed: 42, Unnamed: 43, KWC, Unnamed: 45, Unnamed: 46, Unnamed: 47, Unnamed: 48, NTEC, Unnamed: 50, Unnamed: 51, Unnamed: 52, Unnamed: 53, Unnamed: 54, Unnamed: 55, NTWC, Unnamed: 57, Unnamed: 58, Unnamed: 59, Unnamed: 60, Unnamed: 61, Unnamed: 62]
Index: [], Empty DataFrame
Columns: [Serial no., Change Request #, Target
Date, Ready for Promotion, Attachment, EAP Attachment/
EAP included? (Y/N), Description, Version, Urgency, Classification, Weblogic Cluster, EAR file, Datasource, Team, Requested by, Remarks, EAP (PROD), VH3, CORP, HKEC, Unnamed: 20, Unnamed: 21, Unnamed: 22, Unnamed: 23, Unnamed: 24, HKWC, Unnamed: 26, Unnamed: 27, Unnamed: 28, Unnamed: 29, Unnamed: 30, Unnamed: 31, Unnamed: 32, KCC, Unnamed: 34, Unnamed: 35, Unnamed: 36, Unnamed: 37, Unnamed: 38, Unnamed: 39, Unnamed: 40, KEC, Unnamed: 42, Unnamed: 43, KWC, Unnamed: 45, Unnamed: 46, Unnamed: 47, Unnamed: 48, NTEC, Unnamed: 50, Unnamed: 51, Unnamed: 52, Unnamed: 53, Unnamed: 54, Unnamed: 55, NTWC, Unnamed: 57, Unnamed: 58, Unnamed: 59, Unnamed: 60, Unnamed: 61]
Index: [], Empty DataFrame
Columns: [Serial no., Change Request #, Target
Date, Ready for Promotion, Attachment, EAP Attachment/
EAP included? (Y/N), Description, Version, Urgency, Classification, Weblogic Cluster, EAR file, Datasource, Team, Requested by, Remarks, EAP (PROD), VH3, CORP, HKEC, Unnamed: 20, Unnamed: 21, Unnamed: 22, Unnamed: 23, Unnamed: 24, HKWC, Unnamed: 26, Unnamed: 27, Unnamed: 28, Unnamed: 29, Unnamed: 30, Unnamed: 31, Unnamed: 32, KCC, Unnamed: 34, Unnamed: 35, Unnamed: 36, Unnamed: 37, Unnamed: 38, Unnamed: 39, Unnamed: 40, KEC, Unnamed: 42, Unnamed: 43, KWC, Unnamed: 45, Unnamed: 46, Unnamed: 47, Unnamed: 48, NTEC, Unnamed: 50, Unnamed: 51, Unnamed: 52, Unnamed: 53, Unnamed: 54, Unnamed: 55, NTWC, Unnamed: 57, Unnamed: 58, Unnamed: 59, Unnamed: 60, Unnamed: 61]
Index: [])
==================================================================================================================
Fallback PRD Promotion(Empty DataFrame
Columns: [Serial no., Change Request #, Target
Date, Ready for Promotion, Attachment, EAP Attachment/
EAP included? (Y/N), Description, Version, Urgency, Classification, Weblogic Cluster, EAR file, Datasource, Team, Requested by, Remarks, EAP (PROD), VH3, CORP, HKEC, Unnamed: 20, Unnamed: 21, Unnamed: 22, Unnamed: 23, Unnamed: 24, HKWC, Unnamed: 26, Unnamed: 27, Unnamed: 28, Unnamed: 29, Unnamed: 30, Unnamed: 31, Unnamed: 32, KCC, Unnamed: 34, Unnamed: 35, Unnamed: 36, Unnamed: 37, Unnamed: 38, Unnamed: 39, Unnamed: 40, KEC, Unnamed: 42, Unnamed: 43, KWC, Unnamed: 45, Unnamed: 46, Unnamed: 47, Unnamed: 48, NTEC, Unnamed: 50, Unnamed: 51, Unnamed: 52, Unnamed: 53, Unnamed: 54, Unnamed: 55, NTWC, Unnamed: 57, Unnamed: 58, Unnamed: 59, Unnamed: 60, Unnamed: 61, Unnamed: 62]
Index: [], Empty DataFrame
Columns: [Serial no., Change Request #, Target
Date, Ready for Promotion, Attachment, EAP Attachment/
EAP included? (Y/N), Description, Version, Urgency, Classification, Weblogic Cluster, EAR file, Datasource, Team, Requested by, Remarks, EAP (PROD), VH3, CORP, HKEC, Unnamed: 20, Unnamed: 21, Unnamed: 22, Unnamed: 23, Unnamed: 24, HKWC, Unnamed: 26, Unnamed: 27, Unnamed: 28, Unnamed: 29, Unnamed: 30, Unnamed: 31, Unnamed: 32, KCC, Unnamed: 34, Unnamed: 35, Unnamed: 36, Unnamed: 37, Unnamed: 38, Unnamed: 39, Unnamed: 40, KEC, Unnamed: 42, Unnamed: 43, KWC, Unnamed: 45, Unnamed: 46, Unnamed: 47, Unnamed: 48, NTEC, Unnamed: 50, Unnamed: 51, Unnamed: 52, Unnamed: 53, Unnamed: 54, Unnamed: 55, NTWC, Unnamed: 57, Unnamed: 58, Unnamed: 59, Unnamed: 60, Unnamed: 61]
Index: [], Empty DataFrame
Columns: [Serial no., Change Request #, Target
Date, Ready for Promotion, Attachment, EAP Attachment/
EAP included? (Y/N), Description, Version, Urgency, Classification, Weblogic Cluster, EAR file, Datasource, Team, Requested by, Remarks, EAP (PROD), VH3, CORP, HKEC, Unnamed: 20, Unnamed: 21, Unnamed: 22, Unnamed: 23, Unnamed: 24, HKWC, Unnamed: 26, Unnamed: 27, Unnamed: 28, Unnamed: 29, Unnamed: 30, Unnamed: 31, Unnamed: 32, KCC, Unnamed: 34, Unnamed: 35, Unnamed: 36, Unnamed: 37, Unnamed: 38, Unnamed: 39, Unnamed: 40, KEC, Unnamed: 42, Unnamed: 43, KWC, Unnamed: 45, Unnamed: 46, Unnamed: 47, Unnamed: 48, NTEC, Unnamed: 50, Unnamed: 51, Unnamed: 52, Unnamed: 53, Unnamed: 54, Unnamed: 55, NTWC, Unnamed: 57, Unnamed: 58, Unnamed: 59, Unnamed: 60, Unnamed: 61]
Index: [])